  [1m[35m (1.0ms)[0m  [1m[35mCREATE DATABASE "postgres" ENCODING = 'unicode'[0m
  [1m[35m (0.3ms)[0m  [1m[34mSELECT pg_try_advisory_lock(737815420147457505)[0m
  [1m[36mActiveRecord::SchemaMigration Pluck (2.0ms)[0m  [1m[34mSELECT "schema_migrations"."version" FROM "schema_migrations" ORDER BY "schema_migrations"."version" ASC[0m
  [1m[36mActiveRecord::InternalMetadata Load (1.7ms)[0m  [1m[34mSELECT "ar_internal_metadata".* FROM "ar_internal_metadata" WHERE "ar_internal_metadata"."key" = $1 LIMIT $2[0m  [["key", "environment"], ["LIMIT", 1]]
  [1m[35m (0.7ms)[0m  [1m[34mSELECT pg_advisory_unlock(737815420147457505)[0m
  [1m[36mActiveRecord::SchemaMigration Pluck (0.8ms)[0m  [1m[34mSELECT "schema_migrations"."version" FROM "schema_migrations" ORDER BY "schema_migrations"."version" ASC[0m
  [1m[36mActiveRecord::SchemaMigration Pluck (0.7ms)[0m  [1m[34mSELECT "schema_migrations"."version" FROM "schema_migrations" ORDER BY "schema_migrations"."version" ASC[0m
  [1m[35m (1.1ms)[0m  [1m[35mCREATE DATABASE "postgres" ENCODING = 'unicode'[0m
  [1m[35m (0.4ms)[0m  [1m[34mSELECT pg_try_advisory_lock(737815420147457505)[0m
  [1m[36mActiveRecord::SchemaMigration Pluck (3.3ms)[0m  [1m[34mSELECT "schema_migrations"."version" FROM "schema_migrations" ORDER BY "schema_migrations"."version" ASC[0m
  [1m[36mActiveRecord::InternalMetadata Load (1.1ms)[0m  [1m[34mSELECT "ar_internal_metadata".* FROM "ar_internal_metadata" WHERE "ar_internal_metadata"."key" = $1 LIMIT $2[0m  [["key", "environment"], ["LIMIT", 1]]
  [1m[35m (0.5ms)[0m  [1m[34mSELECT pg_advisory_unlock(737815420147457505)[0m
  [1m[36mActiveRecord::SchemaMigration Pluck (1.0ms)[0m  [1m[34mSELECT "schema_migrations"."version" FROM "schema_migrations" ORDER BY "schema_migrations"."version" ASC[0m
  [1m[36mActiveRecord::SchemaMigration Pluck (0.6ms)[0m  [1m[34mSELECT "schema_migrations"."version" FROM "schema_migrations" ORDER BY "schema_migrations"."version" ASC[0m
  [1m[36mTimeslot Update All (8.0ms)[0m  [1m[33mUPDATE "timeslots" SET "count" = $1, "has_passed" = $2 WHERE (date = '2023-10-01') AND (slot_start < '2023-10-02 00:43:23.809984')[0m  [["count", nil], ["has_passed", true]]
  ↳ app/jobs/cleanup_job.rb:9:in `perform'
  [1m[36mTRANSACTION (0.6ms)[0m  [1m[35mBEGIN[0m
  ↳ app/jobs/timeslot_job.rb:44:in `create_timeslot'
  [1m[36mTimeslot Create (4.2ms)[0m  [1m[32mINSERT INTO "timeslots" ("slot_start", "slot_end", "date", "created_at", "updated_at", "count", "has_passed") VALUES ($1, $2, $3, $4, $5, $6, $7) RETURNING "id"[0m  [["slot_start", "2023-09-06 12:30:00"], ["slot_end", "2023-09-06 12:40:00"], ["date", "2023-09-06"], ["created_at", "2023-10-02 00:43:23.955090"], ["updated_at", "2023-10-02 00:43:23.955090"], ["count", 3], ["has_passed", false]]
  ↳ app/jobs/timeslot_job.rb:44:in `create_timeslot'
  [1m[36mTRANSACTION (1.3ms)[0m  [1m[35mCOMMIT[0m
  ↳ app/jobs/timeslot_job.rb:44:in `create_timeslot'
  [1m[36mTRANSACTION (0.3ms)[0m  [1m[35mBEGIN[0m
  ↳ app/jobs/timeslot_job.rb:44:in `create_timeslot'
  [1m[36mTimeslot Create (0.8ms)[0m  [1m[32mINSERT INTO "timeslots" ("slot_start", "slot_end", "date", "created_at", "updated_at", "count", "has_passed") VALUES ($1, $2, $3, $4, $5, $6, $7) RETURNING "id"[0m  [["slot_start", "2023-09-06 12:40:00"], ["slot_end", "2023-09-06 12:50:00"], ["date", "2023-09-06"], ["created_at", "2023-10-02 00:43:23.972748"], ["updated_at", "2023-10-02 00:43:23.972748"], ["count", 3], ["has_passed", false]]
  ↳ app/jobs/timeslot_job.rb:44:in `create_timeslot'
  [1m[36mTRANSACTION (0.6ms)[0m  [1m[35mCOMMIT[0m
  ↳ app/jobs/timeslot_job.rb:44:in `create_timeslot'
  [1m[36mTRANSACTION (0.2ms)[0m  [1m[35mBEGIN[0m
  ↳ app/jobs/timeslot_job.rb:44:in `create_timeslot'
  [1m[36mTimeslot Create (0.5ms)[0m  [1m[32mINSERT INTO "timeslots" ("slot_start", "slot_end", "date", "created_at", "updated_at", "count", "has_passed") VALUES ($1, $2, $3, $4, $5, $6, $7) RETURNING "id"[0m  [["slot_start", "2023-09-06 13:00:00"], ["slot_end", "2023-09-06 13:10:00"], ["date", "2023-09-06"], ["created_at", "2023-10-02 00:43:23.980429"], ["updated_at", "2023-10-02 00:43:23.980429"], ["count", 3], ["has_passed", false]]
  ↳ app/jobs/timeslot_job.rb:44:in `create_timeslot'
  [1m[36mTRANSACTION (1.0ms)[0m  [1m[35mCOMMIT[0m
  ↳ app/jobs/timeslot_job.rb:44:in `create_timeslot'
  [1m[36mTRANSACTION (0.3ms)[0m  [1m[35mBEGIN[0m
  ↳ app/jobs/timeslot_job.rb:44:in `create_timeslot'
  [1m[36mTimeslot Create (0.5ms)[0m  [1m[32mINSERT INTO "timeslots" ("slot_start", "slot_end", "date", "created_at", "updated_at", "count", "has_passed") VALUES ($1, $2, $3, $4, $5, $6, $7) RETURNING "id"[0m  [["slot_start", "2023-09-06 13:10:00"], ["slot_end", "2023-09-06 13:20:00"], ["date", "2023-09-06"], ["created_at", "2023-10-02 00:43:23.988978"], ["updated_at", "2023-10-02 00:43:23.988978"], ["count", 3], ["has_passed", false]]
  ↳ app/jobs/timeslot_job.rb:44:in `create_timeslot'
  [1m[36mTRANSACTION (0.7ms)[0m  [1m[35mCOMMIT[0m
  ↳ app/jobs/timeslot_job.rb:44:in `create_timeslot'
  [1m[36mTRANSACTION (0.3ms)[0m  [1m[35mBEGIN[0m
  ↳ app/jobs/timeslot_job.rb:44:in `create_timeslot'
  [1m[36mTimeslot Create (0.5ms)[0m  [1m[32mINSERT INTO "timeslots" ("slot_start", "slot_end", "date", "created_at", "updated_at", "count", "has_passed") VALUES ($1, $2, $3, $4, $5, $6, $7) RETURNING "id"[0m  [["slot_start", "2023-09-06 13:20:00"], ["slot_end", "2023-09-06 13:30:00"], ["date", "2023-09-06"], ["created_at", "2023-10-02 00:43:24.002499"], ["updated_at", "2023-10-02 00:43:24.002499"], ["count", 3], ["has_passed", false]]
  ↳ app/jobs/timeslot_job.rb:44:in `create_timeslot'
  [1m[36mTRANSACTION (0.6ms)[0m  [1m[35mCOMMIT[0m
  ↳ app/jobs/timeslot_job.rb:44:in `create_timeslot'
  [1m[36mTRANSACTION (0.3ms)[0m  [1m[35mBEGIN[0m
  ↳ app/jobs/timeslot_job.rb:44:in `create_timeslot'
  [1m[36mTimeslot Create (0.4ms)[0m  [1m[32mINSERT INTO "timeslots" ("slot_start", "slot_end", "date", "created_at", "updated_at", "count", "has_passed") VALUES ($1, $2, $3, $4, $5, $6, $7) RETURNING "id"[0m  [["slot_start", "2023-09-06 13:30:00"], ["slot_end", "2023-09-06 13:40:00"], ["date", "2023-09-06"], ["created_at", "2023-10-02 00:43:24.012161"], ["updated_at", "2023-10-02 00:43:24.012161"], ["count", 3], ["has_passed", false]]
  ↳ app/jobs/timeslot_job.rb:44:in `create_timeslot'
  [1m[36mTRANSACTION (0.6ms)[0m  [1m[35mCOMMIT[0m
  ↳ app/jobs/timeslot_job.rb:44:in `create_timeslot'
  [1m[36mTRANSACTION (0.2ms)[0m  [1m[35mBEGIN[0m
  ↳ app/jobs/timeslot_job.rb:44:in `create_timeslot'
  [1m[36mTimeslot Create (0.5ms)[0m  [1m[32mINSERT INTO "timeslots" ("slot_start", "slot_end", "date", "created_at", "updated_at", "count", "has_passed") VALUES ($1, $2, $3, $4, $5, $6, $7) RETURNING "id"[0m  [["slot_start", "2023-09-06 13:40:00"], ["slot_end", "2023-09-06 13:50:00"], ["date", "2023-09-06"], ["created_at", "2023-10-02 00:43:24.018612"], ["updated_at", "2023-10-02 00:43:24.018612"], ["count", 3], ["has_passed", false]]
  ↳ app/jobs/timeslot_job.rb:44:in `create_timeslot'
  [1m[36mTRANSACTION (0.5ms)[0m  [1m[35mCOMMIT[0m
  ↳ app/jobs/timeslot_job.rb:44:in `create_timeslot'
  [1m[36mTRANSACTION (0.2ms)[0m  [1m[35mBEGIN[0m
  ↳ app/jobs/timeslot_job.rb:44:in `create_timeslot'
  [1m[36mTimeslot Create (0.4ms)[0m  [1m[32mINSERT INTO "timeslots" ("slot_start", "slot_end", "date", "created_at", "updated_at", "count", "has_passed") VALUES ($1, $2, $3, $4, $5, $6, $7) RETURNING "id"[0m  [["slot_start", "2023-09-06 14:00:00"], ["slot_end", "2023-09-06 14:10:00"], ["date", "2023-09-06"], ["created_at", "2023-10-02 00:43:24.025612"], ["updated_at", "2023-10-02 00:43:24.025612"], ["count", 3], ["has_passed", false]]
  ↳ app/jobs/timeslot_job.rb:44:in `create_timeslot'
  [1m[36mTRANSACTION (0.8ms)[0m  [1m[35mCOMMIT[0m
  ↳ app/jobs/timeslot_job.rb:44:in `create_timeslot'
  [1m[36mTRANSACTION (0.3ms)[0m  [1m[35mBEGIN[0m
  ↳ app/jobs/timeslot_job.rb:44:in `create_timeslot'
  [1m[36mTimeslot Create (0.5ms)[0m  [1m[32mINSERT INTO "timeslots" ("slot_start", "slot_end", "date", "created_at", "updated_at", "count", "has_passed") VALUES ($1, $2, $3, $4, $5, $6, $7) RETURNING "id"[0m  [["slot_start", "2023-09-06 14:10:00"], ["slot_end", "2023-09-06 14:20:00"], ["date", "2023-09-06"], ["created_at", "2023-10-02 00:43:24.033647"], ["updated_at", "2023-10-02 00:43:24.033647"], ["count", 3], ["has_passed", false]]
  ↳ app/jobs/timeslot_job.rb:44:in `create_timeslot'
  [1m[36mTRANSACTION (3.2ms)[0m  [1m[35mCOMMIT[0m
  ↳ app/jobs/timeslot_job.rb:44:in `create_timeslot'
  [1m[36mTRANSACTION (0.4ms)[0m  [1m[35mBEGIN[0m
  ↳ app/jobs/timeslot_job.rb:44:in `create_timeslot'
  [1m[36mTimeslot Create (0.5ms)[0m  [1m[32mINSERT INTO "timeslots" ("slot_start", "slot_end", "date", "created_at", "updated_at", "count", "has_passed") VALUES ($1, $2, $3, $4, $5, $6, $7) RETURNING "id"[0m  [["slot_start", "2023-09-06 14:20:00"], ["slot_end", "2023-09-06 14:30:00"], ["date", "2023-09-06"], ["created_at", "2023-10-02 00:43:24.057194"], ["updated_at", "2023-10-02 00:43:24.057194"], ["count", 3], ["has_passed", false]]
  ↳ app/jobs/timeslot_job.rb:44:in `create_timeslot'
  [1m[36mTRANSACTION (0.6ms)[0m  [1m[35mCOMMIT[0m
  ↳ app/jobs/timeslot_job.rb:44:in `create_timeslot'
  [1m[36mTRANSACTION (0.7ms)[0m  [1m[35mBEGIN[0m
  ↳ app/jobs/timeslot_job.rb:44:in `create_timeslot'
  [1m[36mTimeslot Create (1.6ms)[0m  [1m[32mINSERT INTO "timeslots" ("slot_start", "slot_end", "date", "created_at", "updated_at", "count", "has_passed") VALUES ($1, $2, $3, $4, $5, $6, $7) RETURNING "id"[0m  [["slot_start", "2023-09-06 14:30:00"], ["slot_end", "2023-09-06 14:40:00"], ["date", "2023-09-06"], ["created_at", "2023-10-02 00:43:24.065676"], ["updated_at", "2023-10-02 00:43:24.065676"], ["count", 3], ["has_passed", false]]
  ↳ app/jobs/timeslot_job.rb:44:in `create_timeslot'
  [1m[36mTRANSACTION (0.9ms)[0m  [1m[35mCOMMIT[0m
  ↳ app/jobs/timeslot_job.rb:44:in `create_timeslot'
  [1m[36mTRANSACTION (0.2ms)[0m  [1m[35mBEGIN[0m
  ↳ app/jobs/timeslot_job.rb:44:in `create_timeslot'
  [1m[36mTimeslot Create (0.4ms)[0m  [1m[32mINSERT INTO "timeslots" ("slot_start", "slot_end", "date", "created_at", "updated_at", "count", "has_passed") VALUES ($1, $2, $3, $4, $5, $6, $7) RETURNING "id"[0m  [["slot_start", "2023-09-06 14:40:00"], ["slot_end", "2023-09-06 14:50:00"], ["date", "2023-09-06"], ["created_at", "2023-10-02 00:43:24.076485"], ["updated_at", "2023-10-02 00:43:24.076485"], ["count", 3], ["has_passed", false]]
  ↳ app/jobs/timeslot_job.rb:44:in `create_timeslot'
  [1m[36mTRANSACTION (0.6ms)[0m  [1m[35mCOMMIT[0m
  ↳ app/jobs/timeslot_job.rb:44:in `create_timeslot'
  [1m[36mTRANSACTION (0.2ms)[0m  [1m[35mBEGIN[0m
  ↳ app/jobs/timeslot_job.rb:44:in `create_timeslot'
  [1m[36mTimeslot Create (1.1ms)[0m  [1m[32mINSERT INTO "timeslots" ("slot_start", "slot_end", "date", "created_at", "updated_at", "count", "has_passed") VALUES ($1, $2, $3, $4, $5, $6, $7) RETURNING "id"[0m  [["slot_start", "2023-09-06 15:00:00"], ["slot_end", "2023-09-06 15:10:00"], ["date", "2023-09-06"], ["created_at", "2023-10-02 00:43:24.082825"], ["updated_at", "2023-10-02 00:43:24.082825"], ["count", 3], ["has_passed", false]]
  ↳ app/jobs/timeslot_job.rb:44:in `create_timeslot'
  [1m[36mTRANSACTION (1.2ms)[0m  [1m[35mCOMMIT[0m
  ↳ app/jobs/timeslot_job.rb:44:in `create_timeslot'
  [1m[36mTRANSACTION (0.4ms)[0m  [1m[35mBEGIN[0m
  ↳ app/jobs/timeslot_job.rb:44:in `create_timeslot'
  [1m[36mTimeslot Create (1.2ms)[0m  [1m[32mINSERT INTO "timeslots" ("slot_start", "slot_end", "date", "created_at", "updated_at", "count", "has_passed") VALUES ($1, $2, $3, $4, $5, $6, $7) RETURNING "id"[0m  [["slot_start", "2023-09-06 15:10:00"], ["slot_end", "2023-09-06 15:20:00"], ["date", "2023-09-06"], ["created_at", "2023-10-02 00:43:24.092472"], ["updated_at", "2023-10-02 00:43:24.092472"], ["count", 3], ["has_passed", false]]
  ↳ app/jobs/timeslot_job.rb:44:in `create_timeslot'
  [1m[36mTRANSACTION (0.8ms)[0m  [1m[35mCOMMIT[0m
  ↳ app/jobs/timeslot_job.rb:44:in `create_timeslot'
  [1m[36mTRANSACTION (0.3ms)[0m  [1m[35mBEGIN[0m
  ↳ app/jobs/timeslot_job.rb:44:in `create_timeslot'
  [1m[36mTimeslot Create (0.5ms)[0m  [1m[32mINSERT INTO "timeslots" ("slot_start", "slot_end", "date", "created_at", "updated_at", "count", "has_passed") VALUES ($1, $2, $3, $4, $5, $6, $7) RETURNING "id"[0m  [["slot_start", "2023-09-06 15:20:00"], ["slot_end", "2023-09-06 15:30:00"], ["date", "2023-09-06"], ["created_at", "2023-10-02 00:43:24.112343"], ["updated_at", "2023-10-02 00:43:24.112343"], ["count", 3], ["has_passed", false]]
  ↳ app/jobs/timeslot_job.rb:44:in `create_timeslot'
  [1m[36mTRANSACTION (5.0ms)[0m  [1m[35mCOMMIT[0m
  ↳ app/jobs/timeslot_job.rb:44:in `create_timeslot'
  [1m[36mTRANSACTION (1.3ms)[0m  [1m[35mBEGIN[0m
  ↳ app/jobs/timeslot_job.rb:44:in `create_timeslot'
  [1m[36mTimeslot Create (0.4ms)[0m  [1m[32mINSERT INTO "timeslots" ("slot_start", "slot_end", "date", "created_at", "updated_at", "count", "has_passed") VALUES ($1, $2, $3, $4, $5, $6, $7) RETURNING "id"[0m  [["slot_start", "2023-09-06 15:30:00"], ["slot_end", "2023-09-06 15:40:00"], ["date", "2023-09-06"], ["created_at", "2023-10-02 00:43:24.139215"], ["updated_at", "2023-10-02 00:43:24.139215"], ["count", 3], ["has_passed", false]]
  ↳ app/jobs/timeslot_job.rb:44:in `create_timeslot'
  [1m[36mTRANSACTION (0.5ms)[0m  [1m[35mCOMMIT[0m
  ↳ app/jobs/timeslot_job.rb:44:in `create_timeslot'
  [1m[36mTRANSACTION (0.2ms)[0m  [1m[35mBEGIN[0m
  ↳ app/jobs/timeslot_job.rb:44:in `create_timeslot'
  [1m[36mTimeslot Create (0.4ms)[0m  [1m[32mINSERT INTO "timeslots" ("slot_start", "slot_end", "date", "created_at", "updated_at", "count", "has_passed") VALUES ($1, $2, $3, $4, $5, $6, $7) RETURNING "id"[0m  [["slot_start", "2023-09-06 15:40:00"], ["slot_end", "2023-09-06 15:50:00"], ["date", "2023-09-06"], ["created_at", "2023-10-02 00:43:24.146650"], ["updated_at", "2023-10-02 00:43:24.146650"], ["count", 3], ["has_passed", false]]
  ↳ app/jobs/timeslot_job.rb:44:in `create_timeslot'
  [1m[36mTRANSACTION (0.8ms)[0m  [1m[35mCOMMIT[0m
  ↳ app/jobs/timeslot_job.rb:44:in `create_timeslot'
  [1m[36mTRANSACTION (0.2ms)[0m  [1m[35mBEGIN[0m
  ↳ app/jobs/timeslot_job.rb:44:in `create_timeslot'
  [1m[36mTimeslot Create (0.7ms)[0m  [1m[32mINSERT INTO "timeslots" ("slot_start", "slot_end", "date", "created_at", "updated_at", "count", "has_passed") VALUES ($1, $2, $3, $4, $5, $6, $7) RETURNING "id"[0m  [["slot_start", "2023-09-06 16:00:00"], ["slot_end", "2023-09-06 16:10:00"], ["date", "2023-09-06"], ["created_at", "2023-10-02 00:43:24.154388"], ["updated_at", "2023-10-02 00:43:24.154388"], ["count", 3], ["has_passed", false]]
  ↳ app/jobs/timeslot_job.rb:44:in `create_timeslot'
  [1m[36mTRANSACTION (0.7ms)[0m  [1m[35mCOMMIT[0m
  ↳ app/jobs/timeslot_job.rb:44:in `create_timeslot'
  [1m[36mTRANSACTION (0.4ms)[0m  [1m[35mBEGIN[0m
  ↳ app/jobs/timeslot_job.rb:44:in `create_timeslot'
  [1m[36mTimeslot Create (0.5ms)[0m  [1m[32mINSERT INTO "timeslots" ("slot_start", "slot_end", "date", "created_at", "updated_at", "count", "has_passed") VALUES ($1, $2, $3, $4, $5, $6, $7) RETURNING "id"[0m  [["slot_start", "2023-09-06 16:10:00"], ["slot_end", "2023-09-06 16:20:00"], ["date", "2023-09-06"], ["created_at", "2023-10-02 00:43:24.161498"], ["updated_at", "2023-10-02 00:43:24.161498"], ["count", 3], ["has_passed", false]]
  ↳ app/jobs/timeslot_job.rb:44:in `create_timeslot'
  [1m[36mTRANSACTION (0.9ms)[0m  [1m[35mCOMMIT[0m
  ↳ app/jobs/timeslot_job.rb:44:in `create_timeslot'
  [1m[36mTRANSACTION (0.3ms)[0m  [1m[35mBEGIN[0m
  ↳ app/jobs/timeslot_job.rb:44:in `create_timeslot'
  [1m[36mTimeslot Create (0.6ms)[0m  [1m[32mINSERT INTO "timeslots" ("slot_start", "slot_end", "date", "created_at", "updated_at", "count", "has_passed") VALUES ($1, $2, $3, $4, $5, $6, $7) RETURNING "id"[0m  [["slot_start", "2023-09-06 16:20:00"], ["slot_end", "2023-09-06 16:30:00"], ["date", "2023-09-06"], ["created_at", "2023-10-02 00:43:24.168824"], ["updated_at", "2023-10-02 00:43:24.168824"], ["count", 3], ["has_passed", false]]
  ↳ app/jobs/timeslot_job.rb:44:in `create_timeslot'
  [1m[36mTRANSACTION (3.6ms)[0m  [1m[35mCOMMIT[0m
  ↳ app/jobs/timeslot_job.rb:44:in `create_timeslot'
  [1m[36mTRANSACTION (0.3ms)[0m  [1m[35mBEGIN[0m
  ↳ app/jobs/timeslot_job.rb:44:in `create_timeslot'
  [1m[36mTimeslot Create (0.4ms)[0m  [1m[32mINSERT INTO "timeslots" ("slot_start", "slot_end", "date", "created_at", "updated_at", "count", "has_passed") VALUES ($1, $2, $3, $4, $5, $6, $7) RETURNING "id"[0m  [["slot_start", "2023-09-06 16:30:00"], ["slot_end", "2023-09-06 16:40:00"], ["date", "2023-09-06"], ["created_at", "2023-10-02 00:43:24.179370"], ["updated_at", "2023-10-02 00:43:24.179370"], ["count", 3], ["has_passed", false]]
  ↳ app/jobs/timeslot_job.rb:44:in `create_timeslot'
  [1m[36mTRANSACTION (0.9ms)[0m  [1m[35mCOMMIT[0m
  ↳ app/jobs/timeslot_job.rb:44:in `create_timeslot'
  [1m[36mTRANSACTION (0.2ms)[0m  [1m[35mBEGIN[0m
  ↳ app/jobs/timeslot_job.rb:44:in `create_timeslot'
  [1m[36mTimeslot Create (0.5ms)[0m  [1m[32mINSERT INTO "timeslots" ("slot_start", "slot_end", "date", "created_at", "updated_at", "count", "has_passed") VALUES ($1, $2, $3, $4, $5, $6, $7) RETURNING "id"[0m  [["slot_start", "2023-09-06 16:40:00"], ["slot_end", "2023-09-06 16:50:00"], ["date", "2023-09-06"], ["created_at", "2023-10-02 00:43:24.185359"], ["updated_at", "2023-10-02 00:43:24.185359"], ["count", 3], ["has_passed", false]]
  ↳ app/jobs/timeslot_job.rb:44:in `create_timeslot'
  [1m[36mTRANSACTION (0.5ms)[0m  [1m[35mCOMMIT[0m
  ↳ app/jobs/timeslot_job.rb:44:in `create_timeslot'
  [1m[36mTRANSACTION (0.2ms)[0m  [1m[35mBEGIN[0m
  ↳ app/jobs/timeslot_job.rb:44:in `create_timeslot'
  [1m[36mTimeslot Create (0.4ms)[0m  [1m[32mINSERT INTO "timeslots" ("slot_start", "slot_end", "date", "created_at", "updated_at", "count", "has_passed") VALUES ($1, $2, $3, $4, $5, $6, $7) RETURNING "id"[0m  [["slot_start", "2023-09-06 17:00:00"], ["slot_end", "2023-09-06 17:10:00"], ["date", "2023-09-06"], ["created_at", "2023-10-02 00:43:24.191002"], ["updated_at", "2023-10-02 00:43:24.191002"], ["count", 3], ["has_passed", false]]
  ↳ app/jobs/timeslot_job.rb:44:in `create_timeslot'
  [1m[36mTRANSACTION (0.5ms)[0m  [1m[35mCOMMIT[0m
  ↳ app/jobs/timeslot_job.rb:44:in `create_timeslot'
  [1m[36mTRANSACTION (0.2ms)[0m  [1m[35mBEGIN[0m
  ↳ app/jobs/timeslot_job.rb:44:in `create_timeslot'
  [1m[36mTimeslot Create (0.5ms)[0m  [1m[32mINSERT INTO "timeslots" ("slot_start", "slot_end", "date", "created_at", "updated_at", "count", "has_passed") VALUES ($1, $2, $3, $4, $5, $6, $7) RETURNING "id"[0m  [["slot_start", "2023-09-06 17:10:00"], ["slot_end", "2023-09-06 17:20:00"], ["date", "2023-09-06"], ["created_at", "2023-10-02 00:43:24.197252"], ["updated_at", "2023-10-02 00:43:24.197252"], ["count", 3], ["has_passed", false]]
  ↳ app/jobs/timeslot_job.rb:44:in `create_timeslot'
  [1m[36mTRANSACTION (0.7ms)[0m  [1m[35mCOMMIT[0m
  ↳ app/jobs/timeslot_job.rb:44:in `create_timeslot'
  [1m[36mTRANSACTION (0.2ms)[0m  [1m[35mBEGIN[0m
  ↳ app/jobs/timeslot_job.rb:44:in `create_timeslot'
  [1m[36mTimeslot Create (0.3ms)[0m  [1m[32mINSERT INTO "timeslots" ("slot_start", "slot_end", "date", "created_at", "updated_at", "count", "has_passed") VALUES ($1, $2, $3, $4, $5, $6, $7) RETURNING "id"[0m  [["slot_start", "2023-09-06 17:20:00"], ["slot_end", "2023-09-06 17:30:00"], ["date", "2023-09-06"], ["created_at", "2023-10-02 00:43:24.206188"], ["updated_at", "2023-10-02 00:43:24.206188"], ["count", 3], ["has_passed", false]]
  ↳ app/jobs/timeslot_job.rb:44:in `create_timeslot'
  [1m[36mTRANSACTION (0.5ms)[0m  [1m[35mCOMMIT[0m
  ↳ app/jobs/timeslot_job.rb:44:in `create_timeslot'
  [1m[36mTRANSACTION (0.2ms)[0m  [1m[35mBEGIN[0m
  ↳ app/jobs/timeslot_job.rb:44:in `create_timeslot'
  [1m[36mTimeslot Create (0.2ms)[0m  [1m[32mINSERT INTO "timeslots" ("slot_start", "slot_end", "date", "created_at", "updated_at", "count", "has_passed") VALUES ($1, $2, $3, $4, $5, $6, $7) RETURNING "id"[0m  [["slot_start", "2023-09-06 17:30:00"], ["slot_end", "2023-09-06 17:40:00"], ["date", "2023-09-06"], ["created_at", "2023-10-02 00:43:24.211176"], ["updated_at", "2023-10-02 00:43:24.211176"], ["count", 3], ["has_passed", false]]
  ↳ app/jobs/timeslot_job.rb:44:in `create_timeslot'
  [1m[36mTRANSACTION (0.7ms)[0m  [1m[35mCOMMIT[0m
  ↳ app/jobs/timeslot_job.rb:44:in `create_timeslot'
  [1m[36mTRANSACTION (0.2ms)[0m  [1m[35mBEGIN[0m
  ↳ app/jobs/timeslot_job.rb:44:in `create_timeslot'
  [1m[36mTimeslot Create (0.5ms)[0m  [1m[32mINSERT INTO "timeslots" ("slot_start", "slot_end", "date", "created_at", "updated_at", "count", "has_passed") VALUES ($1, $2, $3, $4, $5, $6, $7) RETURNING "id"[0m  [["slot_start", "2023-09-06 17:40:00"], ["slot_end", "2023-09-06 17:50:00"], ["date", "2023-09-06"], ["created_at", "2023-10-02 00:43:24.216888"], ["updated_at", "2023-10-02 00:43:24.216888"], ["count", 3], ["has_passed", false]]
  ↳ app/jobs/timeslot_job.rb:44:in `create_timeslot'
  [1m[36mTRANSACTION (0.7ms)[0m  [1m[35mCOMMIT[0m
  ↳ app/jobs/timeslot_job.rb:44:in `create_timeslot'
  [1m[36mTRANSACTION (0.2ms)[0m  [1m[35mBEGIN[0m
  ↳ app/jobs/timeslot_job.rb:44:in `create_timeslot'
  [1m[36mTimeslot Create (0.5ms)[0m  [1m[32mINSERT INTO "timeslots" ("slot_start", "slot_end", "date", "created_at", "updated_at", "count", "has_passed") VALUES ($1, $2, $3, $4, $5, $6, $7) RETURNING "id"[0m  [["slot_start", "2023-09-06 18:00:00"], ["slot_end", "2023-09-06 18:10:00"], ["date", "2023-09-06"], ["created_at", "2023-10-02 00:43:24.224756"], ["updated_at", "2023-10-02 00:43:24.224756"], ["count", 3], ["has_passed", false]]
  ↳ app/jobs/timeslot_job.rb:44:in `create_timeslot'
  [1m[36mTRANSACTION (0.7ms)[0m  [1m[35mCOMMIT[0m
  ↳ app/jobs/timeslot_job.rb:44:in `create_timeslot'
  [1m[36mTRANSACTION (0.3ms)[0m  [1m[35mBEGIN[0m
  ↳ app/jobs/timeslot_job.rb:44:in `create_timeslot'
  [1m[36mTimeslot Create (0.5ms)[0m  [1m[32mINSERT INTO "timeslots" ("slot_start", "slot_end", "date", "created_at", "updated_at", "count", "has_passed") VALUES ($1, $2, $3, $4, $5, $6, $7) RETURNING "id"[0m  [["slot_start", "2023-09-06 18:10:00"], ["slot_end", "2023-09-06 18:20:00"], ["date", "2023-09-06"], ["created_at", "2023-10-02 00:43:24.236514"], ["updated_at", "2023-10-02 00:43:24.236514"], ["count", 3], ["has_passed", false]]
  ↳ app/jobs/timeslot_job.rb:44:in `create_timeslot'
  [1m[36mTRANSACTION (0.7ms)[0m  [1m[35mCOMMIT[0m
  ↳ app/jobs/timeslot_job.rb:44:in `create_timeslot'
  [1m[36mTRANSACTION (0.2ms)[0m  [1m[35mBEGIN[0m
  ↳ app/jobs/timeslot_job.rb:44:in `create_timeslot'
  [1m[36mTimeslot Create (0.4ms)[0m  [1m[32mINSERT INTO "timeslots" ("slot_start", "slot_end", "date", "created_at", "updated_at", "count", "has_passed") VALUES ($1, $2, $3, $4, $5, $6, $7) RETURNING "id"[0m  [["slot_start", "2023-09-06 18:20:00"], ["slot_end", "2023-09-06 18:30:00"], ["date", "2023-09-06"], ["created_at", "2023-10-02 00:43:24.245250"], ["updated_at", "2023-10-02 00:43:24.245250"], ["count", 3], ["has_passed", false]]
  ↳ app/jobs/timeslot_job.rb:44:in `create_timeslot'
  [1m[36mTRANSACTION (0.5ms)[0m  [1m[35mCOMMIT[0m
  ↳ app/jobs/timeslot_job.rb:44:in `create_timeslot'
  [1m[36mTRANSACTION (0.3ms)[0m  [1m[35mBEGIN[0m
  ↳ app/jobs/timeslot_job.rb:44:in `create_timeslot'
  [1m[36mTimeslot Create (0.9ms)[0m  [1m[32mINSERT INTO "timeslots" ("slot_start", "slot_end", "date", "created_at", "updated_at", "count", "has_passed") VALUES ($1, $2, $3, $4, $5, $6, $7) RETURNING "id"[0m  [["slot_start", "2023-09-06 18:30:00"], ["slot_end", "2023-09-06 18:40:00"], ["date", "2023-09-06"], ["created_at", "2023-10-02 00:43:24.251378"], ["updated_at", "2023-10-02 00:43:24.251378"], ["count", 3], ["has_passed", false]]
  ↳ app/jobs/timeslot_job.rb:44:in `create_timeslot'
  [1m[36mTRANSACTION (0.8ms)[0m  [1m[35mCOMMIT[0m
  ↳ app/jobs/timeslot_job.rb:44:in `create_timeslot'
  [1m[36mTRANSACTION (0.3ms)[0m  [1m[35mBEGIN[0m
  ↳ app/jobs/timeslot_job.rb:44:in `create_timeslot'
  [1m[36mTimeslot Create (4.1ms)[0m  [1m[32mINSERT INTO "timeslots" ("slot_start", "slot_end", "date", "created_at", "updated_at", "count", "has_passed") VALUES ($1, $2, $3, $4, $5, $6, $7) RETURNING "id"[0m  [["slot_start", "2023-09-06 18:40:00"], ["slot_end", "2023-09-06 18:50:00"], ["date", "2023-09-06"], ["created_at", "2023-10-02 00:43:24.260185"], ["updated_at", "2023-10-02 00:43:24.260185"], ["count", 3], ["has_passed", false]]
  ↳ app/jobs/timeslot_job.rb:44:in `create_timeslot'
  [1m[36mTRANSACTION (3.9ms)[0m  [1m[35mCOMMIT[0m
  ↳ app/jobs/timeslot_job.rb:44:in `create_timeslot'
  [1m[36mTRANSACTION (0.3ms)[0m  [1m[35mBEGIN[0m
  ↳ app/jobs/timeslot_job.rb:44:in `create_timeslot'
  [1m[36mTimeslot Create (0.4ms)[0m  [1m[32mINSERT INTO "timeslots" ("slot_start", "slot_end", "date", "created_at", "updated_at", "count", "has_passed") VALUES ($1, $2, $3, $4, $5, $6, $7) RETURNING "id"[0m  [["slot_start", "2023-09-06 19:00:00"], ["slot_end", "2023-09-06 19:10:00"], ["date", "2023-09-06"], ["created_at", "2023-10-02 00:43:24.300720"], ["updated_at", "2023-10-02 00:43:24.300720"], ["count", 3], ["has_passed", false]]
  ↳ app/jobs/timeslot_job.rb:44:in `create_timeslot'
  [1m[36mTRANSACTION (0.6ms)[0m  [1m[35mCOMMIT[0m
  ↳ app/jobs/timeslot_job.rb:44:in `create_timeslot'
  [1m[36mTRANSACTION (0.2ms)[0m  [1m[35mBEGIN[0m
  ↳ app/jobs/timeslot_job.rb:44:in `create_timeslot'
  [1m[36mTimeslot Create (0.4ms)[0m  [1m[32mINSERT INTO "timeslots" ("slot_start", "slot_end", "date", "created_at", "updated_at", "count", "has_passed") VALUES ($1, $2, $3, $4, $5, $6, $7) RETURNING "id"[0m  [["slot_start", "2023-09-06 19:10:00"], ["slot_end", "2023-09-06 19:20:00"], ["date", "2023-09-06"], ["created_at", "2023-10-02 00:43:24.307892"], ["updated_at", "2023-10-02 00:43:24.307892"], ["count", 3], ["has_passed", false]]
  ↳ app/jobs/timeslot_job.rb:44:in `create_timeslot'
  [1m[36mTRANSACTION (0.5ms)[0m  [1m[35mCOMMIT[0m
  ↳ app/jobs/timeslot_job.rb:44:in `create_timeslot'
  [1m[36mTRANSACTION (0.2ms)[0m  [1m[35mBEGIN[0m
  ↳ app/jobs/timeslot_job.rb:44:in `create_timeslot'
  [1m[36mTimeslot Create (0.5ms)[0m  [1m[32mINSERT INTO "timeslots" ("slot_start", "slot_end", "date", "created_at", "updated_at", "count", "has_passed") VALUES ($1, $2, $3, $4, $5, $6, $7) RETURNING "id"[0m  [["slot_start", "2023-09-06 19:20:00"], ["slot_end", "2023-09-06 19:30:00"], ["date", "2023-09-06"], ["created_at", "2023-10-02 00:43:24.313915"], ["updated_at", "2023-10-02 00:43:24.313915"], ["count", 3], ["has_passed", false]]
  ↳ app/jobs/timeslot_job.rb:44:in `create_timeslot'
  [1m[36mTRANSACTION (0.8ms)[0m  [1m[35mCOMMIT[0m
  ↳ app/jobs/timeslot_job.rb:44:in `create_timeslot'
  [1m[36mTRANSACTION (0.3ms)[0m  [1m[35mBEGIN[0m
  ↳ app/jobs/timeslot_job.rb:44:in `create_timeslot'
  [1m[36mTimeslot Create (0.6ms)[0m  [1m[32mINSERT INTO "timeslots" ("slot_start", "slot_end", "date", "created_at", "updated_at", "count", "has_passed") VALUES ($1, $2, $3, $4, $5, $6, $7) RETURNING "id"[0m  [["slot_start", "2023-09-06 19:30:00"], ["slot_end", "2023-09-06 19:40:00"], ["date", "2023-09-06"], ["created_at", "2023-10-02 00:43:24.331003"], ["updated_at", "2023-10-02 00:43:24.331003"], ["count", 3], ["has_passed", false]]
  ↳ app/jobs/timeslot_job.rb:44:in `create_timeslot'
  [1m[36mTRANSACTION (0.8ms)[0m  [1m[35mCOMMIT[0m
  ↳ app/jobs/timeslot_job.rb:44:in `create_timeslot'
  [1m[36mTRANSACTION (0.3ms)[0m  [1m[35mBEGIN[0m
  ↳ app/jobs/timeslot_job.rb:44:in `create_timeslot'
  [1m[36mTimeslot Create (0.4ms)[0m  [1m[32mINSERT INTO "timeslots" ("slot_start", "slot_end", "date", "created_at", "updated_at", "count", "has_passed") VALUES ($1, $2, $3, $4, $5, $6, $7) RETURNING "id"[0m  [["slot_start", "2023-09-06 19:40:00"], ["slot_end", "2023-09-06 19:50:00"], ["date", "2023-09-06"], ["created_at", "2023-10-02 00:43:24.341791"], ["updated_at", "2023-10-02 00:43:24.341791"], ["count", 3], ["has_passed", false]]
  ↳ app/jobs/timeslot_job.rb:44:in `create_timeslot'
  [1m[36mTRANSACTION (1.0ms)[0m  [1m[35mCOMMIT[0m
  ↳ app/jobs/timeslot_job.rb:44:in `create_timeslot'
Started GET "/" for 172.18.0.1 at 2023-10-02 00:43:24 +0000
  [1m[36mActiveRecord::SchemaMigration Pluck (0.6ms)[0m  [1m[34mSELECT "schema_migrations"."version" FROM "schema_migrations" ORDER BY "schema_migrations"."version" ASC[0m
Processing by Rails::WelcomeController#index as HTML
  Rendering /usr/local/bundle/gems/railties-7.0.5/lib/rails/templates/rails/welcome/index.html.erb
  Rendered /usr/local/bundle/gems/railties-7.0.5/lib/rails/templates/rails/welcome/index.html.erb (Duration: 7.5ms | Allocations: 931)
Completed 200 OK in 117ms (Views: 27.0ms | ActiveRecord: 0.0ms | Allocations: 10751)


Started GET "/" for 172.18.0.1 at 2023-10-02 00:43:51 +0000
Processing by Rails::WelcomeController#index as HTML
  Rendering /usr/local/bundle/gems/railties-7.0.5/lib/rails/templates/rails/welcome/index.html.erb
  Rendered /usr/local/bundle/gems/railties-7.0.5/lib/rails/templates/rails/welcome/index.html.erb (Duration: 3.3ms | Allocations: 487)
Completed 200 OK in 16ms (Views: 10.8ms | ActiveRecord: 0.0ms | Allocations: 1551)


Started GET "/ws" for 172.18.0.1 at 2023-10-02 00:44:20 +0000
  
ActionController::RoutingError (No route matches [GET] "/ws"):
  
Started GET "/api/admin_messages" for 172.18.0.1 at 2023-10-02 00:44:20 +0000
Started GET "/api/line_statuses" for 172.18.0.1 at 2023-10-02 00:44:20 +0000
Started GET "/api/current_user" for 172.18.0.1 at 2023-10-02 00:44:20 +0000
Processing by Api::AdminMessagesController#index as */*
Processing by Api::LineStatusesController#index as */*
Processing by Api::UsersController#current_user as */*
  [1m[36mUser Load (2.4ms)[0m  [1m[34mSELECT "users".* FROM "users" WHERE "users"."unique_id" = $1 LIMIT $2[0m  [["unique_id", "1197415"], ["LIMIT", 1]]
  ↳ app/controllers/application_controller.rb:83:in `authorize_user'
  [1m[36mUser Load (1.0ms)[0m  [1m[34mSELECT "users".* FROM "users" WHERE "users"."unique_id" = $1 LIMIT $2[0m  [["unique_id", "1197415"], ["LIMIT", 1]]
  ↳ app/controllers/application_controller.rb:83:in `authorize_user'
  [1m[36mUser Load (2.6ms)[0m  [1m[34mSELECT "users".* FROM "users" WHERE "users"."unique_id" = $1 LIMIT $2[0m  [["unique_id", "1197415"], ["LIMIT", 1]]
Completed 200 OK in 172ms (Views: 0.5ms | ActiveRecord: 113.2ms | Allocations: 28082)


  ↳ app/controllers/application_controller.rb:83:in `authorize_user'
  [1m[36mAdminMessage Load (2.9ms)[0m  [1m[34mSELECT "admin_messages".* FROM "admin_messages"[0m
  ↳ app/controllers/api/admin_messages_controller.rb:7:in `index'
  [1m[36mLineStatus Load (1.2ms)[0m  [1m[34mSELECT "line_statuses".* FROM "line_statuses"[0m
  ↳ app/controllers/api/line_statuses_controller.rb:7:in `index'
Completed 200 OK in 228ms (Views: 17.8ms | ActiveRecord: 28.4ms | Allocations: 56485)


Completed 200 OK in 233ms (Views: 12.3ms | ActiveRecord: 125.0ms | Allocations: 68387)


Started GET "/ws" for 172.18.0.1 at 2023-10-02 00:44:21 +0000
  
ActionController::RoutingError (No route matches [GET] "/ws"):
  
Started GET "/ws" for 172.18.0.1 at 2023-10-02 00:44:23 +0000
  
ActionController::RoutingError (No route matches [GET] "/ws"):
  
Started POST "/api/fetch_asset_ids" for 172.18.0.1 at 2023-10-02 00:44:24 +0000
Started GET "/api/user_timeslots/find_by_user_id/79" for 172.18.0.1 at 2023-10-02 00:44:24 +0000
Started GET "/login?target=undefined/UserHome" for 172.18.0.1 at 2023-10-02 00:44:24 +0000
Processing by Api::UserTimeslotsController#find_by_user_id as */*
  Parameters: {"user_id"=>"79"}
  [1m[36mUser Load (0.4ms)[0m  [1m[34mSELECT "users".* FROM "users" WHERE "users"."unique_id" = $1 LIMIT $2[0m  [["unique_id", "1197415"], ["LIMIT", 1]]
  ↳ app/controllers/application_controller.rb:83:in `authorize_user'
Processing by Api::SclogicPackageInfosController#fetch_asset_ids as HTML
  
ActionController::RoutingError (No route matches [GET] "/login"):
  
  Parameters: {"unique_id"=>"1197415", "box_number"=>"98447", "sclogic_package_info"=>{"unique_id"=>"1197415", "box_number"=>"98447"}}
  [1m[36mUser Load (0.6ms)[0m  [1m[34mSELECT "users".* FROM "users" WHERE "users"."unique_id" = $1 LIMIT $2[0m  [["unique_id", "1197415"], ["LIMIT", 1]]
  ↳ app/controllers/application_controller.rb:83:in `authorize_user'
HTTP Origin header (http://localhost:3001) didn't match request.base_url (http://localhost:3000)
  [1m[36mUserTimeslot Load (2.9ms)[0m  [1m[34mSELECT "user_timeslots".* FROM "user_timeslots" WHERE "user_timeslots"."user_id" = $1[0m  [["user_id", 79]]
  ↳ app/controllers/api/user_timeslots_controller.rb:61:in `find_by_user_id'
Completed 200 OK in 94ms (Views: 29.9ms | ActiveRecord: 5.8ms | Allocations: 73876)


Completed 200 OK in 3754ms (Views: 0.3ms | ActiveRecord: 2.1ms | Allocations: 60555)


